<?xml version="1.0" encoding="UTF-8"?>
<testsuite xmlns:xsi="http://www.w3.org/2001/XMLSchema-instance" xsi:noNamespaceSchemaLocation="https://maven.apache.org/surefire/maven-surefire-plugin/xsd/surefire-test-report.xsd" name="com.project.AppTest" time="0.02" tests="1" errors="0" skipped="0" failures="0">
  <properties>
    <property name="java.vm.info" value="mixed mode"/>
    <property name="file.encoding.pkg" value="sun.io"/>
    <property name="file.encoding" value="ANSI_X3.4-1968"/>
    <property name="java.specification.name" value="Java Platform API Specification"/>
    <property name="sun.os.patch.level" value="unknown"/>
    <property name="user.dir" value="/host"/>
    <property name="line.separator" value="&#10;"/>
    <property name="java.home" value="/usr/java/jdk1.7.0_71/jre"/>
    <property name="user.name" value="root"/>
    <property name="sun.boot.library.path" value="/usr/java/jdk1.7.0_71/jre/lib/amd64"/>
    <property name="user.home" value="/root"/>
    <property name="localRepository" value="/root/.m2/repository"/>
    <property name="sun.java.launcher" value="SUN_STANDARD"/>
    <property name="java.class.version" value="51.0"/>
    <property name="user.language" value="en"/>
    <property name="java.vendor.url.bug" value="http://bugreport.sun.com/bugreport/"/>
    <property name="sun.jnu.encoding" value="ANSI_X3.4-1968"/>
    <property name="java.io.tmpdir" value="/tmp"/>
    <property name="java.specification.vendor" value="Oracle Corporation"/>
    <property name="file.separator" value="/"/>
    <property name="java.class.path" value="/host/target/test-classes:/host/target/classes:/root/.m2/repository/org/apache/hadoop/hadoop-client/2.6.0/hadoop-client-2.6.0.jar:/root/.m2/repository/org/apache/hadoop/hadoop-common/2.6.0/hadoop-common-2.6.0.jar:/root/.m2/repository/org/apache/commons/commons-math3/3.1.1/commons-math3-3.1.1.jar:/root/.m2/repository/xmlenc/xmlenc/0.52/xmlenc-0.52.jar:/root/.m2/repository/commons-httpclient/commons-httpclient/3.1/commons-httpclient-3.1.jar:/root/.m2/repository/commons-codec/commons-codec/1.4/commons-codec-1.4.jar:/root/.m2/repository/commons-io/commons-io/2.4/commons-io-2.4.jar:/root/.m2/repository/commons-net/commons-net/3.1/commons-net-3.1.jar:/root/.m2/repository/commons-collections/commons-collections/3.2.1/commons-collections-3.2.1.jar:/root/.m2/repository/log4j/log4j/1.2.17/log4j-1.2.17.jar:/root/.m2/repository/commons-lang/commons-lang/2.6/commons-lang-2.6.jar:/root/.m2/repository/commons-configuration/commons-configuration/1.6/commons-configuration-1.6.jar:/root/.m2/repository/commons-digester/commons-digester/1.8/commons-digester-1.8.jar:/root/.m2/repository/commons-beanutils/commons-beanutils/1.7.0/commons-beanutils-1.7.0.jar:/root/.m2/repository/commons-beanutils/commons-beanutils-core/1.8.0/commons-beanutils-core-1.8.0.jar:/root/.m2/repository/org/slf4j/slf4j-api/1.7.5/slf4j-api-1.7.5.jar:/root/.m2/repository/org/slf4j/slf4j-log4j12/1.7.5/slf4j-log4j12-1.7.5.jar:/root/.m2/repository/org/codehaus/jackson/jackson-core-asl/1.9.13/jackson-core-asl-1.9.13.jar:/root/.m2/repository/org/codehaus/jackson/jackson-mapper-asl/1.9.13/jackson-mapper-asl-1.9.13.jar:/root/.m2/repository/org/apache/avro/avro/1.7.4/avro-1.7.4.jar:/root/.m2/repository/com/thoughtworks/paranamer/paranamer/2.3/paranamer-2.3.jar:/root/.m2/repository/org/xerial/snappy/snappy-java/1.0.4.1/snappy-java-1.0.4.1.jar:/root/.m2/repository/com/google/protobuf/protobuf-java/2.5.0/protobuf-java-2.5.0.jar:/root/.m2/repository/com/google/code/gson/gson/2.2.4/gson-2.2.4.jar:/root/.m2/repository/org/apache/hadoop/hadoop-auth/2.6.0/hadoop-auth-2.6.0.jar:/root/.m2/repository/org/apache/httpcomponents/httpclient/4.2.5/httpclient-4.2.5.jar:/root/.m2/repository/org/apache/directory/server/apacheds-kerberos-codec/2.0.0-M15/apacheds-kerberos-codec-2.0.0-M15.jar:/root/.m2/repository/org/apache/directory/server/apacheds-i18n/2.0.0-M15/apacheds-i18n-2.0.0-M15.jar:/root/.m2/repository/org/apache/directory/api/api-asn1-api/1.0.0-M20/api-asn1-api-1.0.0-M20.jar:/root/.m2/repository/org/apache/directory/api/api-util/1.0.0-M20/api-util-1.0.0-M20.jar:/root/.m2/repository/org/apache/curator/curator-framework/2.6.0/curator-framework-2.6.0.jar:/root/.m2/repository/org/apache/curator/curator-client/2.6.0/curator-client-2.6.0.jar:/root/.m2/repository/org/apache/curator/curator-recipes/2.6.0/curator-recipes-2.6.0.jar:/root/.m2/repository/com/google/code/findbugs/jsr305/1.3.9/jsr305-1.3.9.jar:/root/.m2/repository/org/htrace/htrace-core/3.0.4/htrace-core-3.0.4.jar:/root/.m2/repository/org/apache/zookeeper/zookeeper/3.4.6/zookeeper-3.4.6.jar:/root/.m2/repository/org/apache/commons/commons-compress/1.4.1/commons-compress-1.4.1.jar:/root/.m2/repository/org/tukaani/xz/1.0/xz-1.0.jar:/root/.m2/repository/org/apache/hadoop/hadoop-hdfs/2.6.0/hadoop-hdfs-2.6.0.jar:/root/.m2/repository/org/mortbay/jetty/jetty-util/6.1.26/jetty-util-6.1.26.jar:/root/.m2/repository/io/netty/netty/3.6.2.Final/netty-3.6.2.Final.jar:/root/.m2/repository/xerces/xercesImpl/2.9.1/xercesImpl-2.9.1.jar:/root/.m2/repository/xml-apis/xml-apis/1.3.04/xml-apis-1.3.04.jar:/root/.m2/repository/org/apache/hadoop/hadoop-mapreduce-client-app/2.6.0/hadoop-mapreduce-client-app-2.6.0.jar:/root/.m2/repository/org/apache/hadoop/hadoop-mapreduce-client-common/2.6.0/hadoop-mapreduce-client-common-2.6.0.jar:/root/.m2/repository/org/apache/hadoop/hadoop-yarn-client/2.6.0/hadoop-yarn-client-2.6.0.jar:/root/.m2/repository/org/apache/hadoop/hadoop-mapreduce-client-shuffle/2.6.0/hadoop-mapreduce-client-shuffle-2.6.0.jar:/root/.m2/repository/org/fusesource/leveldbjni/leveldbjni-all/1.8/leveldbjni-all-1.8.jar:/root/.m2/repository/org/apache/hadoop/hadoop-yarn-api/2.6.0/hadoop-yarn-api-2.6.0.jar:/root/.m2/repository/org/apache/hadoop/hadoop-mapreduce-client-core/2.6.0/hadoop-mapreduce-client-core-2.6.0.jar:/root/.m2/repository/org/apache/hadoop/hadoop-yarn-common/2.6.0/hadoop-yarn-common-2.6.0.jar:/root/.m2/repository/javax/xml/bind/jaxb-api/2.2.2/jaxb-api-2.2.2.jar:/root/.m2/repository/javax/xml/stream/stax-api/1.0-2/stax-api-1.0-2.jar:/root/.m2/repository/javax/activation/activation/1.1/activation-1.1.jar:/root/.m2/repository/com/sun/jersey/jersey-client/1.9/jersey-client-1.9.jar:/root/.m2/repository/org/codehaus/jackson/jackson-jaxrs/1.9.13/jackson-jaxrs-1.9.13.jar:/root/.m2/repository/org/codehaus/jackson/jackson-xc/1.9.13/jackson-xc-1.9.13.jar:/root/.m2/repository/org/apache/hadoop/hadoop-mapreduce-client-jobclient/2.6.0/hadoop-mapreduce-client-jobclient-2.6.0.jar:/root/.m2/repository/org/apache/hadoop/hadoop-annotations/2.6.0/hadoop-annotations-2.6.0.jar:/root/.m2/repository/junit/junit/4.11/junit-4.11.jar:/root/.m2/repository/org/hamcrest/hamcrest-core/1.3/hamcrest-core-1.3.jar:/root/.m2/repository/org/apache/mrunit/mrunit/1.1.0/mrunit-1.1.0-hadoop2.jar:/root/.m2/repository/commons-logging/commons-logging/1.1.1/commons-logging-1.1.1.jar:/root/.m2/repository/org/mockito/mockito-core/1.9.5/mockito-core-1.9.5.jar:/root/.m2/repository/org/objenesis/objenesis/1.0/objenesis-1.0.jar:/root/.m2/repository/com/google/guava/guava/11.0.2/guava-11.0.2.jar:/root/.m2/repository/org/powermock/powermock-core/1.5.1/powermock-core-1.5.1.jar:/root/.m2/repository/org/powermock/powermock-reflect/1.5.1/powermock-reflect-1.5.1.jar:/root/.m2/repository/org/javassist/javassist/3.18.0-GA/javassist-3.18.0-GA.jar:/root/.m2/repository/org/powermock/powermock-api-mockito/1.5.1/powermock-api-mockito-1.5.1.jar:/root/.m2/repository/org/powermock/powermock-api-support/1.5.1/powermock-api-support-1.5.1.jar:/root/.m2/repository/org/powermock/powermock-module-junit4/1.5.1/powermock-module-junit4-1.5.1.jar:/root/.m2/repository/org/powermock/powermock-module-junit4-common/1.5.1/powermock-module-junit4-common-1.5.1.jar:/root/.m2/repository/org/apache/hadoop/hadoop-minicluster/2.6.0/hadoop-minicluster-2.6.0.jar:/root/.m2/repository/org/apache/hadoop/hadoop-common/2.6.0/hadoop-common-2.6.0-tests.jar:/root/.m2/repository/javax/servlet/servlet-api/2.5/servlet-api-2.5.jar:/root/.m2/repository/org/mortbay/jetty/jetty/6.1.26/jetty-6.1.26.jar:/root/.m2/repository/com/sun/jersey/jersey-core/1.9/jersey-core-1.9.jar:/root/.m2/repository/com/sun/jersey/jersey-json/1.9/jersey-json-1.9.jar:/root/.m2/repository/org/codehaus/jettison/jettison/1.1/jettison-1.1.jar:/root/.m2/repository/com/sun/xml/bind/jaxb-impl/2.2.3-1/jaxb-impl-2.2.3-1.jar:/root/.m2/repository/com/sun/jersey/jersey-server/1.9/jersey-server-1.9.jar:/root/.m2/repository/asm/asm/3.1/asm-3.1.jar:/root/.m2/repository/tomcat/jasper-compiler/5.5.23/jasper-compiler-5.5.23.jar:/root/.m2/repository/tomcat/jasper-runtime/5.5.23/jasper-runtime-5.5.23.jar:/root/.m2/repository/javax/servlet/jsp/jsp-api/2.1/jsp-api-2.1.jar:/root/.m2/repository/commons-el/commons-el/1.0/commons-el-1.0.jar:/root/.m2/repository/net/java/dev/jets3t/jets3t/0.9.0/jets3t-0.9.0.jar:/root/.m2/repository/org/apache/httpcomponents/httpcore/4.1.2/httpcore-4.1.2.jar:/root/.m2/repository/com/jamesmurty/utils/java-xmlbuilder/0.4/java-xmlbuilder-0.4.jar:/root/.m2/repository/com/jcraft/jsch/0.1.42/jsch-0.1.42.jar:/root/.m2/repository/org/apache/hadoop/hadoop-hdfs/2.6.0/hadoop-hdfs-2.6.0-tests.jar:/root/.m2/repository/commons-daemon/commons-daemon/1.0.13/commons-daemon-1.0.13.jar:/root/.m2/repository/org/apache/hadoop/hadoop-yarn-server-tests/2.6.0/hadoop-yarn-server-tests-2.6.0-tests.jar:/root/.m2/repository/org/apache/hadoop/hadoop-yarn-server-common/2.6.0/hadoop-yarn-server-common-2.6.0.jar:/root/.m2/repository/org/apache/hadoop/hadoop-yarn-server-nodemanager/2.6.0/hadoop-yarn-server-nodemanager-2.6.0.jar:/root/.m2/repository/com/google/inject/guice/3.0/guice-3.0.jar:/root/.m2/repository/javax/inject/javax.inject/1/javax.inject-1.jar:/root/.m2/repository/aopalliance/aopalliance/1.0/aopalliance-1.0.jar:/root/.m2/repository/com/sun/jersey/contribs/jersey-guice/1.9/jersey-guice-1.9.jar:/root/.m2/repository/org/apache/hadoop/hadoop-yarn-server-resourcemanager/2.6.0/hadoop-yarn-server-resourcemanager-2.6.0.jar:/root/.m2/repository/org/apache/hadoop/hadoop-yarn-server-applicationhistoryservice/2.6.0/hadoop-yarn-server-applicationhistoryservice-2.6.0.jar:/root/.m2/repository/org/apache/hadoop/hadoop-yarn-server-web-proxy/2.6.0/hadoop-yarn-server-web-proxy-2.6.0.jar:/root/.m2/repository/org/apache/hadoop/hadoop-mapreduce-client-jobclient/2.6.0/hadoop-mapreduce-client-jobclient-2.6.0-tests.jar:/root/.m2/repository/com/google/inject/extensions/guice-servlet/3.0/guice-servlet-3.0.jar:/root/.m2/repository/org/apache/hadoop/hadoop-mapreduce-client-hs/2.6.0/hadoop-mapreduce-client-hs-2.6.0.jar:/root/.m2/repository/commons-cli/commons-cli/1.2/commons-cli-1.2.jar:"/>
    <property name="java.vm.vendor" value="Oracle Corporation"/>
    <property name="sun.cpu.endian" value="little"/>
    <property name="java.vm.specification.vendor" value="Oracle Corporation"/>
    <property name="java.specification.version" value="1.7"/>
    <property name="awt.toolkit" value="sun.awt.X11.XToolkit"/>
    <property name="sun.java.command" value="/host/target/surefire/surefirebooter7093175377820702606.jar /host/target/surefire 2024-11-30T02-17-04_396-jvmRun1 surefire3133225475362321860tmp surefire_01091546897762497431tmp"/>
    <property name="user.timezone" value=""/>
    <property name="surefire.test.class.path" value="/host/target/test-classes:/host/target/classes:/root/.m2/repository/org/apache/hadoop/hadoop-client/2.6.0/hadoop-client-2.6.0.jar:/root/.m2/repository/org/apache/hadoop/hadoop-common/2.6.0/hadoop-common-2.6.0.jar:/root/.m2/repository/org/apache/commons/commons-math3/3.1.1/commons-math3-3.1.1.jar:/root/.m2/repository/xmlenc/xmlenc/0.52/xmlenc-0.52.jar:/root/.m2/repository/commons-httpclient/commons-httpclient/3.1/commons-httpclient-3.1.jar:/root/.m2/repository/commons-codec/commons-codec/1.4/commons-codec-1.4.jar:/root/.m2/repository/commons-io/commons-io/2.4/commons-io-2.4.jar:/root/.m2/repository/commons-net/commons-net/3.1/commons-net-3.1.jar:/root/.m2/repository/commons-collections/commons-collections/3.2.1/commons-collections-3.2.1.jar:/root/.m2/repository/log4j/log4j/1.2.17/log4j-1.2.17.jar:/root/.m2/repository/commons-lang/commons-lang/2.6/commons-lang-2.6.jar:/root/.m2/repository/commons-configuration/commons-configuration/1.6/commons-configuration-1.6.jar:/root/.m2/repository/commons-digester/commons-digester/1.8/commons-digester-1.8.jar:/root/.m2/repository/commons-beanutils/commons-beanutils/1.7.0/commons-beanutils-1.7.0.jar:/root/.m2/repository/commons-beanutils/commons-beanutils-core/1.8.0/commons-beanutils-core-1.8.0.jar:/root/.m2/repository/org/slf4j/slf4j-api/1.7.5/slf4j-api-1.7.5.jar:/root/.m2/repository/org/slf4j/slf4j-log4j12/1.7.5/slf4j-log4j12-1.7.5.jar:/root/.m2/repository/org/codehaus/jackson/jackson-core-asl/1.9.13/jackson-core-asl-1.9.13.jar:/root/.m2/repository/org/codehaus/jackson/jackson-mapper-asl/1.9.13/jackson-mapper-asl-1.9.13.jar:/root/.m2/repository/org/apache/avro/avro/1.7.4/avro-1.7.4.jar:/root/.m2/repository/com/thoughtworks/paranamer/paranamer/2.3/paranamer-2.3.jar:/root/.m2/repository/org/xerial/snappy/snappy-java/1.0.4.1/snappy-java-1.0.4.1.jar:/root/.m2/repository/com/google/protobuf/protobuf-java/2.5.0/protobuf-java-2.5.0.jar:/root/.m2/repository/com/google/code/gson/gson/2.2.4/gson-2.2.4.jar:/root/.m2/repository/org/apache/hadoop/hadoop-auth/2.6.0/hadoop-auth-2.6.0.jar:/root/.m2/repository/org/apache/httpcomponents/httpclient/4.2.5/httpclient-4.2.5.jar:/root/.m2/repository/org/apache/directory/server/apacheds-kerberos-codec/2.0.0-M15/apacheds-kerberos-codec-2.0.0-M15.jar:/root/.m2/repository/org/apache/directory/server/apacheds-i18n/2.0.0-M15/apacheds-i18n-2.0.0-M15.jar:/root/.m2/repository/org/apache/directory/api/api-asn1-api/1.0.0-M20/api-asn1-api-1.0.0-M20.jar:/root/.m2/repository/org/apache/directory/api/api-util/1.0.0-M20/api-util-1.0.0-M20.jar:/root/.m2/repository/org/apache/curator/curator-framework/2.6.0/curator-framework-2.6.0.jar:/root/.m2/repository/org/apache/curator/curator-client/2.6.0/curator-client-2.6.0.jar:/root/.m2/repository/org/apache/curator/curator-recipes/2.6.0/curator-recipes-2.6.0.jar:/root/.m2/repository/com/google/code/findbugs/jsr305/1.3.9/jsr305-1.3.9.jar:/root/.m2/repository/org/htrace/htrace-core/3.0.4/htrace-core-3.0.4.jar:/root/.m2/repository/org/apache/zookeeper/zookeeper/3.4.6/zookeeper-3.4.6.jar:/root/.m2/repository/org/apache/commons/commons-compress/1.4.1/commons-compress-1.4.1.jar:/root/.m2/repository/org/tukaani/xz/1.0/xz-1.0.jar:/root/.m2/repository/org/apache/hadoop/hadoop-hdfs/2.6.0/hadoop-hdfs-2.6.0.jar:/root/.m2/repository/org/mortbay/jetty/jetty-util/6.1.26/jetty-util-6.1.26.jar:/root/.m2/repository/io/netty/netty/3.6.2.Final/netty-3.6.2.Final.jar:/root/.m2/repository/xerces/xercesImpl/2.9.1/xercesImpl-2.9.1.jar:/root/.m2/repository/xml-apis/xml-apis/1.3.04/xml-apis-1.3.04.jar:/root/.m2/repository/org/apache/hadoop/hadoop-mapreduce-client-app/2.6.0/hadoop-mapreduce-client-app-2.6.0.jar:/root/.m2/repository/org/apache/hadoop/hadoop-mapreduce-client-common/2.6.0/hadoop-mapreduce-client-common-2.6.0.jar:/root/.m2/repository/org/apache/hadoop/hadoop-yarn-client/2.6.0/hadoop-yarn-client-2.6.0.jar:/root/.m2/repository/org/apache/hadoop/hadoop-mapreduce-client-shuffle/2.6.0/hadoop-mapreduce-client-shuffle-2.6.0.jar:/root/.m2/repository/org/fusesource/leveldbjni/leveldbjni-all/1.8/leveldbjni-all-1.8.jar:/root/.m2/repository/org/apache/hadoop/hadoop-yarn-api/2.6.0/hadoop-yarn-api-2.6.0.jar:/root/.m2/repository/org/apache/hadoop/hadoop-mapreduce-client-core/2.6.0/hadoop-mapreduce-client-core-2.6.0.jar:/root/.m2/repository/org/apache/hadoop/hadoop-yarn-common/2.6.0/hadoop-yarn-common-2.6.0.jar:/root/.m2/repository/javax/xml/bind/jaxb-api/2.2.2/jaxb-api-2.2.2.jar:/root/.m2/repository/javax/xml/stream/stax-api/1.0-2/stax-api-1.0-2.jar:/root/.m2/repository/javax/activation/activation/1.1/activation-1.1.jar:/root/.m2/repository/com/sun/jersey/jersey-client/1.9/jersey-client-1.9.jar:/root/.m2/repository/org/codehaus/jackson/jackson-jaxrs/1.9.13/jackson-jaxrs-1.9.13.jar:/root/.m2/repository/org/codehaus/jackson/jackson-xc/1.9.13/jackson-xc-1.9.13.jar:/root/.m2/repository/org/apache/hadoop/hadoop-mapreduce-client-jobclient/2.6.0/hadoop-mapreduce-client-jobclient-2.6.0.jar:/root/.m2/repository/org/apache/hadoop/hadoop-annotations/2.6.0/hadoop-annotations-2.6.0.jar:/root/.m2/repository/junit/junit/4.11/junit-4.11.jar:/root/.m2/repository/org/hamcrest/hamcrest-core/1.3/hamcrest-core-1.3.jar:/root/.m2/repository/org/apache/mrunit/mrunit/1.1.0/mrunit-1.1.0-hadoop2.jar:/root/.m2/repository/commons-logging/commons-logging/1.1.1/commons-logging-1.1.1.jar:/root/.m2/repository/org/mockito/mockito-core/1.9.5/mockito-core-1.9.5.jar:/root/.m2/repository/org/objenesis/objenesis/1.0/objenesis-1.0.jar:/root/.m2/repository/com/google/guava/guava/11.0.2/guava-11.0.2.jar:/root/.m2/repository/org/powermock/powermock-core/1.5.1/powermock-core-1.5.1.jar:/root/.m2/repository/org/powermock/powermock-reflect/1.5.1/powermock-reflect-1.5.1.jar:/root/.m2/repository/org/javassist/javassist/3.18.0-GA/javassist-3.18.0-GA.jar:/root/.m2/repository/org/powermock/powermock-api-mockito/1.5.1/powermock-api-mockito-1.5.1.jar:/root/.m2/repository/org/powermock/powermock-api-support/1.5.1/powermock-api-support-1.5.1.jar:/root/.m2/repository/org/powermock/powermock-module-junit4/1.5.1/powermock-module-junit4-1.5.1.jar:/root/.m2/repository/org/powermock/powermock-module-junit4-common/1.5.1/powermock-module-junit4-common-1.5.1.jar:/root/.m2/repository/org/apache/hadoop/hadoop-minicluster/2.6.0/hadoop-minicluster-2.6.0.jar:/root/.m2/repository/org/apache/hadoop/hadoop-common/2.6.0/hadoop-common-2.6.0-tests.jar:/root/.m2/repository/javax/servlet/servlet-api/2.5/servlet-api-2.5.jar:/root/.m2/repository/org/mortbay/jetty/jetty/6.1.26/jetty-6.1.26.jar:/root/.m2/repository/com/sun/jersey/jersey-core/1.9/jersey-core-1.9.jar:/root/.m2/repository/com/sun/jersey/jersey-json/1.9/jersey-json-1.9.jar:/root/.m2/repository/org/codehaus/jettison/jettison/1.1/jettison-1.1.jar:/root/.m2/repository/com/sun/xml/bind/jaxb-impl/2.2.3-1/jaxb-impl-2.2.3-1.jar:/root/.m2/repository/com/sun/jersey/jersey-server/1.9/jersey-server-1.9.jar:/root/.m2/repository/asm/asm/3.1/asm-3.1.jar:/root/.m2/repository/tomcat/jasper-compiler/5.5.23/jasper-compiler-5.5.23.jar:/root/.m2/repository/tomcat/jasper-runtime/5.5.23/jasper-runtime-5.5.23.jar:/root/.m2/repository/javax/servlet/jsp/jsp-api/2.1/jsp-api-2.1.jar:/root/.m2/repository/commons-el/commons-el/1.0/commons-el-1.0.jar:/root/.m2/repository/net/java/dev/jets3t/jets3t/0.9.0/jets3t-0.9.0.jar:/root/.m2/repository/org/apache/httpcomponents/httpcore/4.1.2/httpcore-4.1.2.jar:/root/.m2/repository/com/jamesmurty/utils/java-xmlbuilder/0.4/java-xmlbuilder-0.4.jar:/root/.m2/repository/com/jcraft/jsch/0.1.42/jsch-0.1.42.jar:/root/.m2/repository/org/apache/hadoop/hadoop-hdfs/2.6.0/hadoop-hdfs-2.6.0-tests.jar:/root/.m2/repository/commons-daemon/commons-daemon/1.0.13/commons-daemon-1.0.13.jar:/root/.m2/repository/org/apache/hadoop/hadoop-yarn-server-tests/2.6.0/hadoop-yarn-server-tests-2.6.0-tests.jar:/root/.m2/repository/org/apache/hadoop/hadoop-yarn-server-common/2.6.0/hadoop-yarn-server-common-2.6.0.jar:/root/.m2/repository/org/apache/hadoop/hadoop-yarn-server-nodemanager/2.6.0/hadoop-yarn-server-nodemanager-2.6.0.jar:/root/.m2/repository/com/google/inject/guice/3.0/guice-3.0.jar:/root/.m2/repository/javax/inject/javax.inject/1/javax.inject-1.jar:/root/.m2/repository/aopalliance/aopalliance/1.0/aopalliance-1.0.jar:/root/.m2/repository/com/sun/jersey/contribs/jersey-guice/1.9/jersey-guice-1.9.jar:/root/.m2/repository/org/apache/hadoop/hadoop-yarn-server-resourcemanager/2.6.0/hadoop-yarn-server-resourcemanager-2.6.0.jar:/root/.m2/repository/org/apache/hadoop/hadoop-yarn-server-applicationhistoryservice/2.6.0/hadoop-yarn-server-applicationhistoryservice-2.6.0.jar:/root/.m2/repository/org/apache/hadoop/hadoop-yarn-server-web-proxy/2.6.0/hadoop-yarn-server-web-proxy-2.6.0.jar:/root/.m2/repository/org/apache/hadoop/hadoop-mapreduce-client-jobclient/2.6.0/hadoop-mapreduce-client-jobclient-2.6.0-tests.jar:/root/.m2/repository/com/google/inject/extensions/guice-servlet/3.0/guice-servlet-3.0.jar:/root/.m2/repository/org/apache/hadoop/hadoop-mapreduce-client-hs/2.6.0/hadoop-mapreduce-client-hs-2.6.0.jar:/root/.m2/repository/commons-cli/commons-cli/1.2/commons-cli-1.2.jar:"/>
    <property name="java.runtime.version" value="1.7.0_71-b14"/>
    <property name="java.vendor" value="Oracle Corporation"/>
    <property name="sun.management.compiler" value="HotSpot 64-Bit Tiered Compilers"/>
    <property name="sun.arch.data.model" value="64"/>
    <property name="os.arch" value="amd64"/>
    <property name="sun.io.unicode.encoding" value="UnicodeLittle"/>
    <property name="java.awt.printerjob" value="sun.print.PSPrinterJob"/>
    <property name="path.separator" value=":"/>
    <property name="java.runtime.name" value="Java(TM) SE Runtime Environment"/>
    <property name="java.vendor.url" value="http://java.oracle.com/"/>
    <property name="sun.boot.class.path" value="/usr/java/jdk1.7.0_71/jre/lib/resources.jar:/usr/java/jdk1.7.0_71/jre/lib/rt.jar:/usr/java/jdk1.7.0_71/jre/lib/sunrsasign.jar:/usr/java/jdk1.7.0_71/jre/lib/jsse.jar:/usr/java/jdk1.7.0_71/jre/lib/jce.jar:/usr/java/jdk1.7.0_71/jre/lib/charsets.jar:/usr/java/jdk1.7.0_71/jre/lib/jfr.jar:/usr/java/jdk1.7.0_71/jre/classes"/>
    <property name="surefire.real.class.path" value="/host/target/surefire/surefirebooter7093175377820702606.jar"/>
    <property name="java.endorsed.dirs" value="/usr/java/jdk1.7.0_71/jre/lib/endorsed"/>
    <property name="java.vm.version" value="24.71-b01"/>
    <property name="os.name" value="Linux"/>
    <property name="java.vm.specification.version" value="1.7"/>
    <property name="sun.cpu.isalist" value=""/>
    <property name="java.version" value="1.7.0_71"/>
    <property name="java.vm.specification.name" value="Java Virtual Machine Specification"/>
    <property name="java.ext.dirs" value="/usr/java/jdk1.7.0_71/jre/lib/ext:/usr/java/packages/lib/ext"/>
    <property name="os.version" value="6.10.10-surface-1"/>
    <property name="basedir" value="/host"/>
    <property name="java.library.path" value="/usr/java/packages/lib/amd64:/usr/lib64:/lib64:/lib:/usr/lib"/>
    <property name="java.awt.graphicsenv" value="sun.awt.X11GraphicsEnvironment"/>
    <property name="java.vm.name" value="Java HotSpot(TM) 64-Bit Server VM"/>
    <property name="user.country" value="US"/>
  </properties>
  <testcase name="shouldAnswerWithTrue" classname="com.project.AppTest" time="0.001"/>
</testsuite>